# JRE version: OpenJDK Runtime Environment (8.0_152-b01) (build 1.8.0_152-release-1343-b01)
# Java VM: OpenJDK 64-Bit Server VM (25.152-b01 mixed mode windows-amd64 compressed oops)
Heap:
 PSYoungGen      total 201728K, used 132998K [0x00000000e0000000, 0x00000000ede00000, 0x0000000100000000)
  eden space 176128K, 68% used [0x00000000e0000000,0x00000000e76163b0,0x00000000eac00000)
  from space 25600K, 47% used [0x00000000ec500000,0x00000000ed0cb680,0x00000000ede00000)
  to   space 25600K, 0% used [0x00000000eac00000,0x00000000eac00000,0x00000000ec500000)
 ParOldGen       total 87040K, used 57794K [0x00000000a0000000, 0x00000000a5500000, 0x00000000e0000000)
  object space 87040K, 66% used [0x00000000a0000000,0x00000000a3870820,0x00000000a5500000)
 Metaspace       used 81260K, capacity 84540K, committed 84696K, reserved 1122304K
  class space    used 10777K, capacity 11371K, committed 11480K, reserved 1048576K
GC Heap History (10 events):
Event: 48.516 GC heap before
{Heap before GC invocations=19 (full 3):
 PSYoungGen      total 137728K, used 125952K [0x00000000e0000000, 0x00000000eb580000, 0x0000000100000000)
  eden space 125952K, 100% used [0x00000000e0000000,0x00000000e7b00000,0x00000000e7b00000)
  from space 11776K, 0% used [0x00000000e7b00000,0x00000000e7b00000,0x00000000e8680000)
  to   space 13312K, 0% used [0x00000000ea880000,0x00000000ea880000,0x00000000eb580000)
 ParOldGen       total 87040K, used 31117K [0x00000000a0000000, 0x00000000a5500000, 0x00000000e0000000)
  object space 87040K, 35% used [0x00000000a0000000,0x00000000a1e636d8,0x00000000a5500000)
 Metaspace       used 62860K, capacity 64794K, committed 65112K, reserved 1105920K
  class space    used 8519K, capacity 8973K, committed 9048K, reserved 1048576K
Event: 48.551 GC heap after
Heap after GC invocations=19 (full 3):
 PSYoungGen      total 160768K, used 12573K [0x00000000e0000000, 0x00000000eb500000, 0x0000000100000000)
  eden space 147968K, 0% used [0x00000000e0000000,0x00000000e0000000,0x00000000e9080000)
  from space 12800K, 98% used [0x00000000ea880000,0x00000000eb4c7430,0x00000000eb500000)
  to   space 14848K, 0% used [0x00000000e9800000,0x00000000e9800000,0x00000000ea680000)
 ParOldGen       total 87040K, used 31125K [0x00000000a0000000, 0x00000000a5500000, 0x00000000e0000000)
  object space 87040K, 35% used [0x00000000a0000000,0x00000000a1e656d8,0x00000000a5500000)
 Metaspace       used 62860K, capacity 64794K, committed 65112K, reserved 1105920K
  class space    used 8519K, capacity 8973K, committed 9048K, reserved 1048576K
}
Event: 69.049 GC heap before
{Heap before GC invocations=20 (full 3):
 PSYoungGen      total 160768K, used 160541K [0x00000000e0000000, 0x00000000eb500000, 0x0000000100000000)
  eden space 147968K, 100% used [0x00000000e0000000,0x00000000e9080000,0x00000000e9080000)
  from space 12800K, 98% used [0x00000000ea880000,0x00000000eb4c7430,0x00000000eb500000)
  to   space 14848K, 0% used [0x00000000e9800000,0x00000000e9800000,0x00000000ea680000)
 ParOldGen       total 87040K, used 31125K [0x00000000a0000000, 0x00000000a5500000, 0x00000000e0000000)
  object space 87040K, 35% used [0x00000000a0000000,0x00000000a1e656d8,0x00000000a5500000)
 Metaspace       used 68306K, capacity 70482K, committed 70744K, reserved 1110016K
  class space    used 9268K, capacity 9746K, committed 9816K, reserved 1048576K
Event: 69.118 GC heap after
Heap after GC invocations=20 (full 3):
 PSYoungGen      total 170496K, used 14836K [0x00000000e0000000, 0x00000000ec680000, 0x0000000100000000)
  eden space 155648K, 0% used [0x00000000e0000000,0x00000000e0000000,0x00000000e9800000)
  from space 14848K, 99% used [0x00000000e9800000,0x00000000ea67d060,0x00000000ea680000)
  to   space 19968K, 0% used [0x00000000eb300000,0x00000000eb300000,0x00000000ec680000)
 ParOldGen       total 87040K, used 39117K [0x00000000a0000000, 0x00000000a5500000, 0x00000000e0000000)
  object space 87040K, 44% used [0x00000000a0000000,0x00000000a26336f8,0x00000000a5500000)
 Metaspace       used 68306K, capacity 70482K, committed 70744K, reserved 1110016K
  class space    used 9268K, capacity 9746K, committed 9816K, reserved 1048576K
}
Event: 98.955 GC heap before
{Heap before GC invocations=21 (full 3):
 PSYoungGen      total 170496K, used 170484K [0x00000000e0000000, 0x00000000ec680000, 0x0000000100000000)
  eden space 155648K, 100% used [0x00000000e0000000,0x00000000e9800000,0x00000000e9800000)
  from space 14848K, 99% used [0x00000000e9800000,0x00000000ea67d060,0x00000000ea680000)
  to   space 19968K, 0% used [0x00000000eb300000,0x00000000eb300000,0x00000000ec680000)
 ParOldGen       total 87040K, used 39117K [0x00000000a0000000, 0x00000000a5500000, 0x00000000e0000000)
  object space 87040K, 44% used [0x00000000a0000000,0x00000000a26336f8,0x00000000a5500000)
 Metaspace       used 71654K, capacity 74116K, committed 74328K, reserved 1114112K
  class space    used 9687K, capacity 10209K, committed 10328K, reserved 1048576K
Event: 99.031 GC heap after
Heap after GC invocations=21 (full 3):
 PSYoungGen      total 177664K, used 19936K [0x00000000e0000000, 0x00000000ed800000, 0x0000000100000000)
  eden space 157696K, 0% used [0x00000000e0000000,0x00000000e0000000,0x00000000e9a00000)
  from space 19968K, 99% used [0x00000000eb300000,0x00000000ec6780a0,0x00000000ec680000)
  to   space 25600K, 0% used [0x00000000e9a00000,0x00000000e9a00000,0x00000000eb300000)
 ParOldGen       total 87040K, used 45766K [0x00000000a0000000, 0x00000000a5500000, 0x00000000e0000000)
  object space 87040K, 52% used [0x00000000a0000000,0x00000000a2cb1850,0x00000000a5500000)
 Metaspace       used 71654K, capacity 74116K, committed 74328K, reserved 1114112K
  class space    used 9687K, capacity 10209K, committed 10328K, reserved 1048576K
}
Event: 105.681 GC heap before
{Heap before GC invocations=22 (full 3):
 PSYoungGen      total 177664K, used 177632K [0x00000000e0000000, 0x00000000ed800000, 0x0000000100000000)
  eden space 157696K, 100% used [0x00000000e0000000,0x00000000e9a00000,0x00000000e9a00000)
  from space 19968K, 99% used [0x00000000eb300000,0x00000000ec6780a0,0x00000000ec680000)
  to   space 25600K, 0% used [0x00000000e9a00000,0x00000000e9a00000,0x00000000eb300000)
 ParOldGen       total 87040K, used 45766K [0x00000000a0000000, 0x00000000a5500000, 0x00000000e0000000)
  object space 87040K, 52% used [0x00000000a0000000,0x00000000a2cb1850,0x00000000a5500000)
 Metaspace       used 80524K, capacity 83752K, committed 83800K, reserved 1122304K
  class space    used 10719K, capacity 11327K, committed 11352K, reserved 1048576K
Event: 105.757 GC heap after
Heap after GC invocations=22 (full 3):
 PSYoungGen      total 183296K, used 17389K [0x00000000e0000000, 0x00000000edf00000, 0x0000000100000000)
  eden space 157696K, 0% used [0x00000000e0000000,0x00000000e0000000,0x00000000e9a00000)
  from space 25600K, 67% used [0x00000000e9a00000,0x00000000eaafb698,0x00000000eb300000)
  to   space 26624K, 0% used [0x00000000ec500000,0x00000000ec500000,0x00000000edf00000)
 ParOldGen       total 87040K, used 57786K [0x00000000a0000000, 0x00000000a5500000, 0x00000000e0000000)
  object space 87040K, 66% used [0x00000000a0000000,0x00000000a386e820,0x00000000a5500000)
 Metaspace       used 80524K, capacity 83752K, committed 83800K, reserved 1122304K
  class space    used 10719K, capacity 11327K, committed 11352K, reserved 1048576K
}
Event: 109.447 GC heap before
{Heap before GC invocations=23 (full 3):
 PSYoungGen      total 183296K, used 175085K [0x00000000e0000000, 0x00000000edf00000, 0x0000000100000000)
  eden space 157696K, 100% used [0x00000000e0000000,0x00000000e9a00000,0x00000000e9a00000)
  from space 25600K, 67% used [0x00000000e9a00000,0x00000000eaafb698,0x00000000eb300000)
  to   space 26624K, 0% used [0x00000000ec500000,0x00000000ec500000,0x00000000edf00000)
 ParOldGen       total 87040K, used 57786K [0x00000000a0000000, 0x00000000a5500000, 0x00000000e0000000)
  object space 87040K, 66% used [0x00000000a0000000,0x00000000a386e820,0x00000000a5500000)
 Metaspace       used 81134K, capacity 84408K, committed 84696K, reserved 1122304K
  class space    used 10763K, capacity 11371K, committed 11480K, reserved 1048576K
Event: 109.487 GC heap after
Heap after GC invocations=23 (full 3):
 PSYoungGen      total 201728K, used 12077K [0x00000000e0000000, 0x00000000ede00000, 0x0000000100000000)
  eden space 176128K, 0% used [0x00000000e0000000,0x00000000e0000000,0x00000000eac00000)
  from space 25600K, 47% used [0x00000000ec500000,0x00000000ed0cb680,0x00000000ede00000)
  to   space 25600K, 0% used [0x00000000eac00000,0x00000000eac00000,0x00000000ec500000)
 ParOldGen       total 87040K, used 57794K [0x00000000a0000000, 0x00000000a5500000, 0x00000000e0000000)
  object space 87040K, 66% used [0x00000000a0000000,0x00000000a3870820,0x00000000a5500000)
 Metaspace       used 81134K, capacity 84408K, committed 84696K, reserved 1122304K
  class space    used 10763K, capacity 11371K, committed 11480K, reserved 1048576K
}

