# JRE version: OpenJDK Runtime Environment (8.0_152-b01) (build 1.8.0_152-release-1343-b01)
# Java VM: OpenJDK 64-Bit Server VM (25.152-b01 mixed mode windows-amd64 compressed oops)
Heap:
 PSYoungGen      total 155648K, used 57825K [0x00000000e0000000, 0x00000000eda80000, 0x0000000100000000)
  eden space 137216K, 42% used [0x00000000e0000000,0x00000000e3878738,0x00000000e8600000)
  from space 18432K, 0% used [0x00000000e8600000,0x00000000e8600000,0x00000000e9800000)
  to   space 17920K, 0% used [0x00000000ec900000,0x00000000ec900000,0x00000000eda80000)
 ParOldGen       total 83968K, used 29693K [0x00000000a0000000, 0x00000000a5200000, 0x00000000e0000000)
  object space 83968K, 35% used [0x00000000a0000000,0x00000000a1cff758,0x00000000a5200000)
 Metaspace       used 60310K, capacity 62012K, committed 62100K, reserved 1103872K
  class space    used 8192K, capacity 8586K, committed 8636K, reserved 1048576K
GC Heap History (10 events):
Event: 18.589 GC heap before
{Heap before GC invocations=12 (full 2):
 PSYoungGen      total 124928K, used 9548K [0x00000000e0000000, 0x00000000ea980000, 0x0000000100000000)
  eden space 113664K, 0% used [0x00000000e0000000,0x00000000e0000000,0x00000000e6f00000)
  from space 11264K, 84% used [0x00000000e7b00000,0x00000000e84532e8,0x00000000e8600000)
  to   space 12288K, 0% used [0x00000000e6f00000,0x00000000e6f00000,0x00000000e7b00000)
 ParOldGen       total 37376K, used 12347K [0x00000000a0000000, 0x00000000a2480000, 0x00000000e0000000)
  object space 37376K, 33% used [0x00000000a0000000,0x00000000a0c0ee28,0x00000000a2480000)
 Metaspace       used 34514K, capacity 35144K, committed 35416K, reserved 1079296K
  class space    used 4752K, capacity 4931K, committed 4992K, reserved 1048576K
Event: 18.765 GC heap after
Heap after GC invocations=12 (full 2):
 PSYoungGen      total 124928K, used 0K [0x00000000e0000000, 0x00000000ea980000, 0x0000000100000000)
  eden space 113664K, 0% used [0x00000000e0000000,0x00000000e0000000,0x00000000e6f00000)
  from space 11264K, 0% used [0x00000000e7b00000,0x00000000e7b00000,0x00000000e8600000)
  to   space 12288K, 0% used [0x00000000e6f00000,0x00000000e6f00000,0x00000000e7b00000)
 ParOldGen       total 54784K, used 16272K [0x00000000a0000000, 0x00000000a3580000, 0x00000000e0000000)
  object space 54784K, 29% used [0x00000000a0000000,0x00000000a0fe4320,0x00000000a3580000)
 Metaspace       used 34505K, capacity 35114K, committed 35416K, reserved 1079296K
  class space    used 4749K, capacity 4926K, committed 4992K, reserved 1048576K
}
Event: 24.517 GC heap before
{Heap before GC invocations=13 (full 2):
 PSYoungGen      total 124928K, used 113664K [0x00000000e0000000, 0x00000000ea980000, 0x0000000100000000)
  eden space 113664K, 100% used [0x00000000e0000000,0x00000000e6f00000,0x00000000e6f00000)
  from space 11264K, 0% used [0x00000000e7b00000,0x00000000e7b00000,0x00000000e8600000)
  to   space 12288K, 0% used [0x00000000e6f00000,0x00000000e6f00000,0x00000000e7b00000)
 ParOldGen       total 54784K, used 16272K [0x00000000a0000000, 0x00000000a3580000, 0x00000000e0000000)
  object space 54784K, 29% used [0x00000000a0000000,0x00000000a0fe4320,0x00000000a3580000)
 Metaspace       used 44943K, capacity 45812K, committed 46168K, reserved 1089536K
  class space    used 6025K, capacity 6249K, committed 6272K, reserved 1048576K
Event: 24.546 GC heap after
Heap after GC invocations=13 (full 2):
 PSYoungGen      total 125952K, used 12274K [0x00000000e0000000, 0x00000000ea680000, 0x0000000100000000)
  eden space 113664K, 0% used [0x00000000e0000000,0x00000000e0000000,0x00000000e6f00000)
  from space 12288K, 99% used [0x00000000e6f00000,0x00000000e7afca50,0x00000000e7b00000)
  to   space 14848K, 0% used [0x00000000e9800000,0x00000000e9800000,0x00000000ea680000)
 ParOldGen       total 54784K, used 19027K [0x00000000a0000000, 0x00000000a3580000, 0x00000000e0000000)
  object space 54784K, 34% used [0x00000000a0000000,0x00000000a1294e28,0x00000000a3580000)
 Metaspace       used 44943K, capacity 45812K, committed 46168K, reserved 1089536K
  class space    used 6025K, capacity 6249K, committed 6272K, reserved 1048576K
}
Event: 30.612 GC heap before
{Heap before GC invocations=14 (full 2):
 PSYoungGen      total 125952K, used 125938K [0x00000000e0000000, 0x00000000ea680000, 0x0000000100000000)
  eden space 113664K, 100% used [0x00000000e0000000,0x00000000e6f00000,0x00000000e6f00000)
  from space 12288K, 99% used [0x00000000e6f00000,0x00000000e7afca50,0x00000000e7b00000)
  to   space 14848K, 0% used [0x00000000e9800000,0x00000000e9800000,0x00000000ea680000)
 ParOldGen       total 54784K, used 19027K [0x00000000a0000000, 0x00000000a3580000, 0x00000000e0000000)
  object space 54784K, 34% used [0x00000000a0000000,0x00000000a1294e28,0x00000000a3580000)
 Metaspace       used 55039K, capacity 56312K, committed 56664K, reserved 1097728K
  class space    used 7369K, capacity 7695K, committed 7808K, reserved 1048576K
Event: 30.649 GC heap after
Heap after GC invocations=14 (full 2):
 PSYoungGen      total 152064K, used 14817K [0x00000000e0000000, 0x00000000eac00000, 0x0000000100000000)
  eden space 137216K, 0% used [0x00000000e0000000,0x00000000e0000000,0x00000000e8600000)
  from space 14848K, 99% used [0x00000000e9800000,0x00000000ea678620,0x00000000ea680000)
  to   space 18432K, 0% used [0x00000000e8600000,0x00000000e8600000,0x00000000e9800000)
 ParOldGen       total 54784K, used 22236K [0x00000000a0000000, 0x00000000a3580000, 0x00000000e0000000)
  object space 54784K, 40% used [0x00000000a0000000,0x00000000a15b7170,0x00000000a3580000)
 Metaspace       used 55039K, capacity 56312K, committed 56664K, reserved 1097728K
  class space    used 7369K, capacity 7695K, committed 7808K, reserved 1048576K
}
Event: 32.139 GC heap before
{Heap before GC invocations=15 (full 2):
 PSYoungGen      total 152064K, used 48767K [0x00000000e0000000, 0x00000000eac00000, 0x0000000100000000)
  eden space 137216K, 24% used [0x00000000e0000000,0x00000000e2127998,0x00000000e8600000)
  from space 14848K, 99% used [0x00000000e9800000,0x00000000ea678620,0x00000000ea680000)
  to   space 18432K, 0% used [0x00000000e8600000,0x00000000e8600000,0x00000000e9800000)
 ParOldGen       total 54784K, used 22236K [0x00000000a0000000, 0x00000000a3580000, 0x00000000e0000000)
  object space 54784K, 40% used [0x00000000a0000000,0x00000000a15b7170,0x00000000a3580000)
 Metaspace       used 57610K, capacity 58934K, committed 59028K, reserved 1099776K
  class space    used 7746K, capacity 8084K, committed 8124K, reserved 1048576K
Event: 32.248 GC heap after
Heap after GC invocations=15 (full 2):
 PSYoungGen      total 155648K, used 4184K [0x00000000e0000000, 0x00000000eda80000, 0x0000000100000000)
  eden space 137216K, 0% used [0x00000000e0000000,0x00000000e0000000,0x00000000e8600000)
  from space 18432K, 22% used [0x00000000e8600000,0x00000000e8a162e0,0x00000000e9800000)
  to   space 17920K, 0% used [0x00000000ec900000,0x00000000ec900000,0x00000000eda80000)
 ParOldGen       total 54784K, used 33660K [0x00000000a0000000, 0x00000000a3580000, 0x00000000e0000000)
  object space 54784K, 61% used [0x00000000a0000000,0x00000000a20df018,0x00000000a3580000)
 Metaspace       used 57610K, capacity 58934K, committed 59028K, reserved 1099776K
  class space    used 7746K, capacity 8084K, committed 8124K, reserved 1048576K
}
Event: 32.248 GC heap before
{Heap before GC invocations=16 (full 3):
 PSYoungGen      total 155648K, used 4184K [0x00000000e0000000, 0x00000000eda80000, 0x0000000100000000)
  eden space 137216K, 0% used [0x00000000e0000000,0x00000000e0000000,0x00000000e8600000)
  from space 18432K, 22% used [0x00000000e8600000,0x00000000e8a162e0,0x00000000e9800000)
  to   space 17920K, 0% used [0x00000000ec900000,0x00000000ec900000,0x00000000eda80000)
 ParOldGen       total 54784K, used 33660K [0x00000000a0000000, 0x00000000a3580000, 0x00000000e0000000)
  object space 54784K, 61% used [0x00000000a0000000,0x00000000a20df018,0x00000000a3580000)
 Metaspace       used 57610K, capacity 58934K, committed 59028K, reserved 1099776K
  class space    used 7746K, capacity 8084K, committed 8124K, reserved 1048576K
Event: 32.880 GC heap after
Heap after GC invocations=16 (full 3):
 PSYoungGen      total 155648K, used 0K [0x00000000e0000000, 0x00000000eda80000, 0x0000000100000000)
  eden space 137216K, 0% used [0x00000000e0000000,0x00000000e0000000,0x00000000e8600000)
  from space 18432K, 0% used [0x00000000e8600000,0x00000000e8600000,0x00000000e9800000)
  to   space 17920K, 0% used [0x00000000ec900000,0x00000000ec900000,0x00000000eda80000)
 ParOldGen       total 83968K, used 29693K [0x00000000a0000000, 0x00000000a5200000, 0x00000000e0000000)
  object space 83968K, 35% used [0x00000000a0000000,0x00000000a1cff758,0x00000000a5200000)
 Metaspace       used 57610K, capacity 58934K, committed 59028K, reserved 1099776K
  class space    used 7746K, capacity 8084K, committed 8124K, reserved 1048576K
}

